<?xml version="1.0" encoding="UTF-8" ?>
<testsuite tests="4" failures="0" name="dev.wladpr.island.IslandTest" time="0" errors="0" skipped="0">
  <properties>
    <property name="idea.version" value="2022.1.3"/>
    <property name="java.runtime.name" value="OpenJDK Runtime Environment"/>
    <property name="java.vm.version" value="17.0.1+12-39"/>
    <property name="sun.boot.library.path" value="/Users/vladyslavprydacha/Library/Java/JavaVirtualMachines/openjdk-17.0.1/Contents/Home/lib"/>
    <property name="maven.multiModuleProjectDirectory" value="/Users/vladyslavprydacha/IdeaProjects/Animal_Island"/>
    <property name="java.vm.vendor" value="Oracle Corporation"/>
    <property name="java.vendor.url" value="https://java.oracle.com/"/>
    <property name="guice.disable.misplaced.annotation.check" value="true"/>
    <property name="path.separator" value=":"/>
    <property name="java.vm.name" value="OpenJDK 64-Bit Server VM"/>
    <property name="user.country" value="PL"/>
    <property name="sun.java.launcher" value="SUN_STANDARD"/>
    <property name="java.vm.specification.name" value="Java Virtual Machine Specification"/>
    <property name="user.dir" value="/Users/vladyslavprydacha/IdeaProjects/Animal_Island"/>
    <property name="java.vm.compressedOopsMode" value="Zero based"/>
    <property name="java.runtime.version" value="17.0.1+12-39"/>
    <property name="os.arch" value="aarch64"/>
    <property name="java.io.tmpdir" value="/var/folders/8y/88k5yzms51jfpcwchw3n_wkr0000gn/T/"/>
    <property name="line.separator" value="
"/>
    <property name="java.vm.specification.vendor" value="Oracle Corporation"/>
    <property name="os.name" value="Mac OS X"/>
    <property name="maven.ext.class.path" value="/private/var/folders/8y/88k5yzms51jfpcwchw3n_wkr0000gn/T/AppTranslocation/86FFB2AE-B230-4B2C-97E6-B5BFB2E3049E/d/IntelliJ IDEA.app/Contents/plugins/maven/lib/maven-event-listener.jar"/>
    <property name="classworlds.conf" value="/private/var/folders/8y/88k5yzms51jfpcwchw3n_wkr0000gn/T/AppTranslocation/86FFB2AE-B230-4B2C-97E6-B5BFB2E3049E/d/IntelliJ IDEA.app/Contents/plugins/maven/lib/maven3/bin/m2.conf"/>
    <property name="sun.jnu.encoding" value="UTF-8"/>
    <property name="java.library.path" value="/Users/vladyslavprydacha/Library/Java/Extensions:/Library/Java/Extensions:/Network/Library/Java/Extensions:/System/Library/Java/Extensions:/usr/lib/java:."/>
    <property name="maven.conf" value="/private/var/folders/8y/88k5yzms51jfpcwchw3n_wkr0000gn/T/AppTranslocation/86FFB2AE-B230-4B2C-97E6-B5BFB2E3049E/d/IntelliJ IDEA.app/Contents/plugins/maven/lib/maven3/conf"/>
    <property name="jdk.debug" value="release"/>
    <property name="java.class.version" value="61.0"/>
    <property name="java.specification.name" value="Java Platform API Specification"/>
    <property name="sun.management.compiler" value="HotSpot 64-Bit Tiered Compilers"/>
    <property name="os.version" value="12.0.1"/>
    <property name="http.nonProxyHosts" value="local|*.local|169.254/16|*.169.254/16"/>
    <property name="user.home" value="/Users/vladyslavprydacha"/>
    <property name="user.timezone" value="Europe/Warsaw"/>
    <property name="file.encoding" value="UTF-8"/>
    <property name="java.specification.version" value="17"/>
    <property name="user.name" value="vladyslavprydacha"/>
    <property name="java.class.path" value="/private/var/folders/8y/88k5yzms51jfpcwchw3n_wkr0000gn/T/AppTranslocation/86FFB2AE-B230-4B2C-97E6-B5BFB2E3049E/d/IntelliJ IDEA.app/Contents/plugins/maven/lib/maven3/boot/plexus-classworlds-2.6.0.jar:/private/var/folders/8y/88k5yzms51jfpcwchw3n_wkr0000gn/T/AppTranslocation/86FFB2AE-B230-4B2C-97E6-B5BFB2E3049E/d/IntelliJ IDEA.app/Contents/plugins/maven/lib/maven3/boot/plexus-classworlds.license"/>
    <property name="java.vm.specification.version" value="17"/>
    <property name="sun.arch.data.model" value="64"/>
    <property name="sun.java.command" value="org.codehaus.classworlds.Launcher -Didea.version=2022.1.3 install"/>
    <property name="java.home" value="/Users/vladyslavprydacha/Library/Java/JavaVirtualMachines/openjdk-17.0.1/Contents/Home"/>
    <property name="user.language" value="ru"/>
    <property name="java.specification.vendor" value="Oracle Corporation"/>
    <property name="java.vm.info" value="mixed mode, sharing"/>
    <property name="java.version" value="17.0.1"/>
    <property name="native.encoding" value="UTF-8"/>
    <property name="java.vendor" value="Oracle Corporation"/>
    <property name="maven.home" value="/private/var/folders/8y/88k5yzms51jfpcwchw3n_wkr0000gn/T/AppTranslocation/86FFB2AE-B230-4B2C-97E6-B5BFB2E3049E/d/IntelliJ IDEA.app/Contents/plugins/maven/lib/maven3"/>
    <property name="file.separator" value="/"/>
    <property name="java.version.date" value="2021-10-19"/>
    <property name="java.vendor.url.bug" value="https://bugreport.java.com/bugreport/"/>
    <property name="sun.io.unicode.encoding" value="UnicodeBig"/>
    <property name="sun.cpu.endian" value="little"/>
    <property name="socksNonProxyHosts" value="local|*.local|169.254/16|*.169.254/16"/>
    <property name="ftp.nonProxyHosts" value="local|*.local|169.254/16|*.169.254/16"/>
  </properties>
  <testcase classname="dev.wladpr.island.IslandTest" name="testRemoveAnimal" time="0"/>
  <testcase classname="dev.wladpr.island.IslandTest" name="testPrintGeographicalFeatureInfo" time="0"/>
  <testcase classname="dev.wladpr.island.IslandTest" name="testPrintAnimalInfo" time="0"/>
  <testcase classname="dev.wladpr.island.IslandTest" name="testAddAnimal" time="0"/>
</testsuite>